<!DOCTYPE html PUBLIC "-//W3C//DTD XHTML 1.1//EN" "https://www.w3.org/TR/xhtml11/DTD/xhtml11.dtd">
<html xmlns="https://www.w3.org/1999/xhtml">
<head>
<meta http-equiv="content-type" content="text/html; charset=UTF-8"/>
<title>TestNG Report</title>
<style type="text/css">table {margin-bottom:10px;border-collapse:collapse;empty-cells:show}th,td {border:1px solid #009;padding:.25em .5em}th {vertical-align:bottom}td {vertical-align:top}table a {font-weight:bold}.stripe td {background-color: #E6EBF9}.num {text-align:right}.passedodd td {background-color: #3F3}.passedeven td {background-color: #0A0}.skippedodd td {background-color: #DDD}.skippedeven td {background-color: #CCC}.failedodd td,.attn {background-color: #F33}.failedeven td,.stripe .attn {background-color: #D00}.stacktrace {white-space:pre;font-family:monospace}.totop {font-size:85%;text-align:center;border-bottom:2px solid #000}.invisible {display:none}</style>
</head>
<body>
<table>
<tr><th>Test</th><th># Passed</th><th># Skipped</th><th># Retried</th><th># Failed</th><th>Time (ms)</th><th>Included Groups</th><th>Excluded Groups</th></tr>
<tr><th colspan="8">Suite</th></tr>
<tr><td><a href="#t0">SmokeTest</a></td><td class="num">1</td><td class="num">0</td><td class="num">0</td><td class="num attn">2</td><td class="num">241,777</td><td></td><td></td></tr>
</table>
<table id='summary'><thead><tr><th>Class</th><th>Method</th><th>Start</th><th>Time (ms)</th></tr></thead><tbody><tr><th colspan="4">Suite</th></tr></tbody><tbody id="t0"><tr><th colspan="4">SmokeTest &#8212; failed</th></tr><tr class="failedeven"><td rowspan="2">tests.BrightHorizon_SmokeSuite</td><td><a href="#m0">verifyInvalidSearchCriteriaIsNotFirstResult</a></td><td rowspan="1">1724936449472</td><td rowspan="1">83060</td></tr><tr class="failedeven"><td><a href="#m1">verifyValidSearchCriteriaIsFirstResult</a></td><td rowspan="1">1724936366438</td><td rowspan="1">83024</td></tr><tr><th colspan="4">SmokeTest &#8212; passed</th></tr><tr class="passedeven"><td rowspan="1">tests.BrightHorizon_SmokeSuite</td><td><a href="#m2">verifyURLContentsAndMatchingNumberOfDotsAndComments</a></td><td rowspan="1">1724936292990</td><td rowspan="1">73445</td></tr></tbody>
</table>
<h2>SmokeTest</h2><h3 id="m0">tests.BrightHorizon_SmokeSuite#verifyInvalidSearchCriteriaIsNotFirstResult</h3><table class="result"><tr><th>Exception</th></tr><tr><td><div class="stacktrace">org.openqa.selenium.TimeoutException: Expected condition failed: waiting for visibility of [[ChromeDriver: chrome on WINDOWS (4c5b1f849823fb6edc211c2af2aa6d5f)] -&gt; xpath: (//button[@class=&apos;btn btn-large btn-solid color-buttercup btn-search&apos;]/..//input)[2]] (tried for 30 second(s) with 500 milliseconds interval)
Build info: version: &apos;4.6.0&apos;, revision: &apos;79f1c02ae20&apos;
System info: os.name: &apos;Windows 11&apos;, os.arch: &apos;amd64&apos;, os.version: &apos;10.0&apos;, java.version: &apos;11.0.23&apos;
Driver info: org.openqa.selenium.chrome.ChromeDriver
Capabilities {acceptInsecureCerts: false, browserName: chrome, browserVersion: 128.0.6613.86, chrome: {chromedriverVersion: 127.0.6533.119 (bdef6783a05..., userDataDir: C:\WINDOWS\SystemTemp\scope...}, fedcm:accounts: true, goog:chromeOptions: {debuggerAddress: localhost:52168}, networkConnectionEnabled: false, pageLoadStrategy: normal, platformName: WINDOWS, proxy: Proxy(), se:cdp: ws://localhost:52168/devtoo..., se:cdpVersion: 128.0.6613.86, setWindowRect: true, strictFileInteractability: false, timeouts: {implicit: 0, pageLoad: 300000, script: 30000}, unhandledPromptBehavior: dismiss and notify, webauthn:extension:credBlob: true, webauthn:extension:largeBlob: true, webauthn:extension:minPinLength: true, webauthn:extension:prf: true, webauthn:virtualAuthenticators: true}
Session ID: 4c5b1f849823fb6edc211c2af2aa6d5f
	at org.openqa.selenium.support.ui.WebDriverWait.timeoutException(WebDriverWait.java:87)
	at org.openqa.selenium.support.ui.FluentWait.until(FluentWait.java:231)
	at pages.BasePage.checkElementIsDisplayed(BasePage.java:54)
	at pages.BrightHorizon_SearchPage.verifySearchTextBoxIsDisplaying(BrightHorizon_SearchPage.java:61)
	at pages.BrightHorizon_SearchPage.verifySearchFunctionality(BrightHorizon_SearchPage.java:103)
	at tests.BrightHorizon_SmokeSuite.verifyInvalidSearchCriteriaIsNotFirstResult(BrightHorizon_SmokeSuite.java:43)
	at java.base/java.util.ArrayList.forEach(ArrayList.java:1541)
... Removed 31 stack frames</div></td></tr></table><p class="totop"><a href="#summary">back to summary</a></p>
<h3 id="m1">tests.BrightHorizon_SmokeSuite#verifyValidSearchCriteriaIsFirstResult</h3><table class="result"><tr><th>Exception</th></tr><tr><td><div class="stacktrace">org.openqa.selenium.TimeoutException: Expected condition failed: waiting for visibility of [[ChromeDriver: chrome on WINDOWS (4c5b1f849823fb6edc211c2af2aa6d5f)] -&gt; xpath: (//button[@class=&apos;btn btn-large btn-solid color-buttercup btn-search&apos;]/..//input)[2]] (tried for 30 second(s) with 500 milliseconds interval)
Build info: version: &apos;4.6.0&apos;, revision: &apos;79f1c02ae20&apos;
System info: os.name: &apos;Windows 11&apos;, os.arch: &apos;amd64&apos;, os.version: &apos;10.0&apos;, java.version: &apos;11.0.23&apos;
Driver info: org.openqa.selenium.chrome.ChromeDriver
Capabilities {acceptInsecureCerts: false, browserName: chrome, browserVersion: 128.0.6613.86, chrome: {chromedriverVersion: 127.0.6533.119 (bdef6783a05..., userDataDir: C:\WINDOWS\SystemTemp\scope...}, fedcm:accounts: true, goog:chromeOptions: {debuggerAddress: localhost:52168}, networkConnectionEnabled: false, pageLoadStrategy: normal, platformName: WINDOWS, proxy: Proxy(), se:cdp: ws://localhost:52168/devtoo..., se:cdpVersion: 128.0.6613.86, setWindowRect: true, strictFileInteractability: false, timeouts: {implicit: 0, pageLoad: 300000, script: 30000}, unhandledPromptBehavior: dismiss and notify, webauthn:extension:credBlob: true, webauthn:extension:largeBlob: true, webauthn:extension:minPinLength: true, webauthn:extension:prf: true, webauthn:virtualAuthenticators: true}
Session ID: 4c5b1f849823fb6edc211c2af2aa6d5f
	at org.openqa.selenium.support.ui.WebDriverWait.timeoutException(WebDriverWait.java:87)
	at org.openqa.selenium.support.ui.FluentWait.until(FluentWait.java:231)
	at pages.BasePage.checkElementIsDisplayed(BasePage.java:54)
	at pages.BrightHorizon_SearchPage.verifySearchTextBoxIsDisplaying(BrightHorizon_SearchPage.java:61)
	at pages.BrightHorizon_SearchPage.verifySearchFunctionality(BrightHorizon_SearchPage.java:103)
	at tests.BrightHorizon_SmokeSuite.verifyValidSearchCriteriaIsFirstResult(BrightHorizon_SmokeSuite.java:33)
	at java.base/java.util.ArrayList.forEach(ArrayList.java:1541)
... Removed 31 stack frames</div></td></tr></table><p class="totop"><a href="#summary">back to summary</a></p>
<h3 id="m2">tests.BrightHorizon_SmokeSuite#verifyURLContentsAndMatchingNumberOfDotsAndComments</h3><table class="result"><tr><th class="invisible"/></tr></table><p class="totop"><a href="#summary">back to summary</a></p>
</body>
</html>
