<?xml version="1.0" encoding="UTF-8"?>
<testng-results ignored="0" total="4" passed="3" failed="1" skipped="0">
  <reporter-output>
  </reporter-output>
  <suite started-at="2024-09-04T15:53:01 IST" name="Suite" finished-at="2024-09-04T15:57:11 IST" duration-ms="250239">
    <groups>
      <group name="smoke">
        <method signature="BrightHorizon_SmokeSuite.verifyInvalidSearchCriteriaIsNotFirstResult()[pri:3, instance:tests.BrightHorizon_SmokeSuite@548a24a]" name="verifyInvalidSearchCriteriaIsNotFirstResult" class="tests.BrightHorizon_SmokeSuite"/>
        <method signature="BrightHorizon_SmokeSuite.verifyURLContentsAndMatchingNumberOfCenters()[pri:4, instance:tests.BrightHorizon_SmokeSuite@548a24a]" name="verifyURLContentsAndMatchingNumberOfCenters" class="tests.BrightHorizon_SmokeSuite"/>
        <method signature="BrightHorizon_SmokeSuite.verifyURLContentsAndMatchingNumberOfDotsAndComments()[pri:1, instance:tests.BrightHorizon_SmokeSuite@548a24a]" name="verifyURLContentsAndMatchingNumberOfDotsAndComments" class="tests.BrightHorizon_SmokeSuite"/>
        <method signature="BrightHorizon_SmokeSuite.verifyValidSearchCriteriaIsFirstResult()[pri:2, instance:tests.BrightHorizon_SmokeSuite@548a24a]" name="verifyValidSearchCriteriaIsFirstResult" class="tests.BrightHorizon_SmokeSuite"/>
      </group> <!-- smoke -->
    </groups>
    <test started-at="2024-09-04T15:53:01 IST" name="SmokeTest" finished-at="2024-09-04T15:57:11 IST" duration-ms="250239">
      <class name="tests.BrightHorizon_SmokeSuite">
        <test-method is-config="true" signature="beforeSuite()[pri:0, instance:tests.BrightHorizon_SmokeSuite@548a24a]" started-at="2024-09-04T15:53:01 IST" name="beforeSuite" finished-at="2024-09-04T15:53:01 IST" duration-ms="392" status="PASS">
          <reporter-output>
          </reporter-output>
        </test-method> <!-- beforeSuite -->
        <test-method is-config="true" signature="setUp()[pri:0, instance:tests.BrightHorizon_SmokeSuite@548a24a]" started-at="2024-09-04T15:53:01 IST" name="setUp" finished-at="2024-09-04T15:53:05 IST" duration-ms="3790" status="PASS">
          <reporter-output>
          </reporter-output>
        </test-method> <!-- setUp -->
        <test-method signature="verifyURLContentsAndMatchingNumberOfDotsAndComments()[pri:1, instance:tests.BrightHorizon_SmokeSuite@548a24a]" started-at="2024-09-04T15:53:05 IST" name="verifyURLContentsAndMatchingNumberOfDotsAndComments" description="1)Validation of &#039;edssist&#039; as a part of URL for EdAssist Solutions page.  2)Validation of number of dots and comments are equal on Family Solutions page." finished-at="2024-09-04T15:54:21 IST" duration-ms="76249" status="PASS">
          <reporter-output>
          </reporter-output>
        </test-method> <!-- verifyURLContentsAndMatchingNumberOfDotsAndComments -->
        <test-method signature="verifyValidSearchCriteriaIsFirstResult()[pri:2, instance:tests.BrightHorizon_SmokeSuite@548a24a]" started-at="2024-09-04T15:54:21 IST" name="verifyValidSearchCriteriaIsFirstResult" description="Validation of valid search criteria is the first searched result after searching." finished-at="2024-09-04T15:55:07 IST" duration-ms="46038" status="PASS">
          <reporter-output>
          </reporter-output>
        </test-method> <!-- verifyValidSearchCriteriaIsFirstResult -->
        <test-method signature="verifyInvalidSearchCriteriaIsNotFirstResult()[pri:3, instance:tests.BrightHorizon_SmokeSuite@548a24a]" started-at="2024-09-04T15:55:07 IST" name="verifyInvalidSearchCriteriaIsNotFirstResult" description="Validation of invalid search criteria is not the first searched result after searching." finished-at="2024-09-04T15:55:53 IST" duration-ms="45480" status="FAIL">
          <exception class="java.lang.AssertionError">
            <message>
              <![CDATA[The search criteria Family solution is not the first result in search list. expected [true] but found [false]]]>
            </message>
            <full-stacktrace>
              <![CDATA[java.lang.AssertionError: The search criteria Family solution is not the first result in search list. expected [true] but found [false]
at org.testng.Assert.fail(Assert.java:99)
at org.testng.Assert.failNotEquals(Assert.java:1037)
at org.testng.Assert.assertTrue(Assert.java:45)
at pages.BrightHorizon_SearchPage.verifyTheResultForSearchValue(BrightHorizon_SearchPage.java:49)
at pages.BrightHorizon_SearchPage.verifySearchFunctionality(BrightHorizon_SearchPage.java:106)
at tests.BrightHorizon_SmokeSuite.verifyInvalidSearchCriteriaIsNotFirstResult(BrightHorizon_SmokeSuite.java:44)
at java.base/jdk.internal.reflect.NativeMethodAccessorImpl.invoke0(Native Method)
at java.base/jdk.internal.reflect.NativeMethodAccessorImpl.invoke(NativeMethodAccessorImpl.java:62)
at java.base/jdk.internal.reflect.DelegatingMethodAccessorImpl.invoke(DelegatingMethodAccessorImpl.java:43)
at java.base/java.lang.reflect.Method.invoke(Method.java:566)
at org.testng.internal.MethodInvocationHelper.invokeMethod(MethodInvocationHelper.java:133)
at org.testng.internal.TestInvoker.invokeMethod(TestInvoker.java:598)
at org.testng.internal.TestInvoker.invokeTestMethod(TestInvoker.java:173)
at org.testng.internal.MethodRunner.runInSequence(MethodRunner.java:46)
at org.testng.internal.TestInvoker$MethodInvocationAgent.invoke(TestInvoker.java:824)
at org.testng.internal.TestInvoker.invokeTestMethods(TestInvoker.java:146)
at org.testng.internal.TestMethodWorker.invokeTestMethods(TestMethodWorker.java:146)
at org.testng.internal.TestMethodWorker.run(TestMethodWorker.java:128)
at java.base/java.util.ArrayList.forEach(ArrayList.java:1541)
at org.testng.TestRunner.privateRun(TestRunner.java:794)
at org.testng.TestRunner.run(TestRunner.java:596)
at org.testng.SuiteRunner.runTest(SuiteRunner.java:377)
at org.testng.SuiteRunner.runSequentially(SuiteRunner.java:371)
at org.testng.SuiteRunner.privateRun(SuiteRunner.java:332)
at org.testng.SuiteRunner.run(SuiteRunner.java:276)
at org.testng.SuiteRunnerWorker.runSuite(SuiteRunnerWorker.java:53)
at org.testng.SuiteRunnerWorker.run(SuiteRunnerWorker.java:96)
at org.testng.TestNG.runSuitesSequentially(TestNG.java:1212)
at org.testng.TestNG.runSuitesLocally(TestNG.java:1134)
at org.testng.TestNG.runSuites(TestNG.java:1063)
at org.testng.TestNG.run(TestNG.java:1031)
at org.apache.maven.surefire.testng.TestNGExecutor.run(TestNGExecutor.java:308)
at org.apache.maven.surefire.testng.TestNGXmlTestSuite.execute(TestNGXmlTestSuite.java:71)
at org.apache.maven.surefire.testng.TestNGProvider.invoke(TestNGProvider.java:113)
at org.apache.maven.surefire.booter.ForkedBooter.runSuitesInProcess(ForkedBooter.java:385)
at org.apache.maven.surefire.booter.ForkedBooter.execute(ForkedBooter.java:162)
at org.apache.maven.surefire.booter.ForkedBooter.run(ForkedBooter.java:507)
at org.apache.maven.surefire.booter.ForkedBooter.main(ForkedBooter.java:495)
]]>
            </full-stacktrace>
          </exception> <!-- java.lang.AssertionError -->
          <reporter-output>
          </reporter-output>
        </test-method> <!-- verifyInvalidSearchCriteriaIsNotFirstResult -->
        <test-method signature="verifyURLContentsAndMatchingNumberOfCenters()[pri:4, instance:tests.BrightHorizon_SmokeSuite@548a24a]" started-at="2024-09-04T15:55:53 IST" name="verifyURLContentsAndMatchingNumberOfCenters" description="1)Validation of &#039;child-care-locator&#039; as a part of URL for Find A Center page.  2)Validation of number of centers, center name and address after search by city name on Find A Center page." finished-at="2024-09-04T15:57:11 IST" duration-ms="78269" status="PASS">
          <reporter-output>
          </reporter-output>
        </test-method> <!-- verifyURLContentsAndMatchingNumberOfCenters -->
        <test-method is-config="true" signature="setUpDown()[pri:0, instance:tests.BrightHorizon_SmokeSuite@548a24a]" started-at="2024-09-04T15:57:11 IST" name="setUpDown" finished-at="2024-09-04T15:57:11 IST" duration-ms="329" status="PASS">
          <reporter-output>
          </reporter-output>
        </test-method> <!-- setUpDown -->
        <test-method is-config="true" signature="afterSuite()[pri:0, instance:tests.BrightHorizon_SmokeSuite@548a24a]" started-at="2024-09-04T15:57:12 IST" name="afterSuite" finished-at="2024-09-04T15:57:12 IST" duration-ms="16" status="PASS">
          <reporter-output>
          </reporter-output>
        </test-method> <!-- afterSuite -->
      </class> <!-- tests.BrightHorizon_SmokeSuite -->
    </test> <!-- SmokeTest -->
  </suite> <!-- Suite -->
</testng-results>
